<?xml version="1.0" encoding="UTF-8"?>
<testsuite name="com.stqa.pft.addressbook.tests.GroupCreationTest" tests="4" skipped="0" failures="0" errors="0" timestamp="2019-10-10T12:53:24" hostname="pochekaev" time="9.759">
  <properties/>
  <testcase name="testBadGroupCreation[0](GroupMap{groupId='2147483647', groupName='test'1''})" classname="com.stqa.pft.addressbook.tests.GroupCreationTest" time="4.321"/>
  <testcase name="testGroupCreation[0](GroupMap{groupId='2147483647', groupName='test 0'})" classname="com.stqa.pft.addressbook.tests.GroupCreationTest" time="1.635"/>
  <testcase name="testGroupCreation[1](GroupMap{groupId='2147483647', groupName='test 1'})" classname="com.stqa.pft.addressbook.tests.GroupCreationTest" time="1.89"/>
  <testcase name="testGroupCreation[2](GroupMap{groupId='2147483647', groupName='test 2'})" classname="com.stqa.pft.addressbook.tests.GroupCreationTest" time="1.911"/>
  <system-out><![CDATA[================================================
Running testGroupCreation
Groups before test: 13
Groups after test: 13
================================================
Running testGroupCreation
Groups before test: 13
Groups after test: 14
================================================
Running testGroupCreation
Groups before test: 14
Groups after test: 15
================================================
Running testGroupCreation
Groups before test: 15
Groups after test: 16
]]></system-out>
  <system-err><![CDATA[]]></system-err>
</testsuite>
