<?xml version="1.0" encoding="UTF-8"?>
<testsuite name="com.stqa.pft.addressbook.tests.GroupModificationTest" tests="1" skipped="0" failures="0" errors="0" timestamp="2019-10-10T12:42:53" hostname="pochekaev" time="2.12">
  <properties/>
  <testcase name="testGroupModification" classname="com.stqa.pft.addressbook.tests.GroupModificationTest" time="2.12"/>
  <system-out><![CDATA[================================================
Running testGroupModification
Initially groups before test: 14
Groups before test: 14
Groups after test: 14
]]></system-out>
  <system-err><![CDATA[]]></system-err>
</testsuite>
